This is pdfTeX, Version 3.141592653-2.6-1.40.22 (TeX Live 2021/W32TeX) (preloaded format=latex 2022.1.24)  9 DEC 2022 16:41
entering extended mode
 restricted \write18 enabled.
 %&-line parsing enabled.
**C:/Users/hp/AppData/Local/Temp/RtmpCIf1tb/chunk-code-21549363e26.txt
(c:/Users/hp/AppData/Local/Temp/RtmpCIf1tb/chunk-code-21549363e26.txt
LaTeX2e <2020-10-01> patch level 4
L3 programming layer <2021-02-18>

! LaTeX Error: Missing \begin{document}.

See the LaTeX manual or LaTeX Companion for explanation.
Type  H <return>  for immediate help.
 ...                                              
                                                  
l.2 T
     he two-parameter log-logistic model(2PLM) corresponds to the model func...

? 
! Emergency stop.
 ...                                              
                                                  
l.2 T
     he two-parameter log-logistic model(2PLM) corresponds to the model func...

You're in trouble here.  Try typing  <return>  to proceed.
If that doesn't work, type  X <return>  to quit.

 
Here is how much of TeX's memory you used:
 19 strings out of 478995
 749 string characters out of 5852139
 283032 words of memory out of 5000000
 17602 multiletter control sequences out of 15000+600000
 403430 words of font info for 27 fonts, out of 8000000 for 9000
 1141 hyphenation exceptions out of 8191
 13i,0n,15p,148b,14s stack positions out of 5000i,500n,10000p,200000b,80000s
No pages of output.
